This is pdfTeX, Version 3.14159265-2.6-1.40.16 (TeX Live 2015) (preloaded format=pdflatex 2016.2.11)  1 MAR 2016 10:39
entering extended mode
 restricted \write18 enabled.
 %&-line parsing enabled.
**main.tex
(./main.tex
LaTeX2e <2016/02/01>
Babel <3.9n> and hyphenation patterns for 79 languages loaded.
(/afs/cern.ch/sw/XML/TL2015/texmf-dist/tex/latex/base/article.cls
Document Class: article 2014/09/29 v1.4h Standard LaTeX document class
(/afs/cern.ch/sw/XML/TL2015/texmf-dist/tex/latex/base/size11.clo
File: size11.clo 2014/09/29 v1.4h Standard LaTeX file (size option)
)
\c@part=\count79
\c@section=\count80
\c@subsection=\count81
\c@subsubsection=\count82
\c@paragraph=\count83
\c@subparagraph=\count84
\c@figure=\count85
\c@table=\count86
\abovecaptionskip=\skip41
\belowcaptionskip=\skip42
\bibindent=\dimen102
)
(/afs/cern.ch/sw/XML/TL2015/texmf-dist/tex/latex/graphics/graphicx.sty
Package: graphicx 2014/10/28 v1.0g Enhanced LaTeX Graphics (DPC,SPQR)

(/afs/cern.ch/sw/XML/TL2015/texmf-dist/tex/latex/graphics/keyval.sty
Package: keyval 2014/10/28 v1.15 key=value parser (DPC)
\KV@toks@=\toks14
)
(/afs/cern.ch/sw/XML/TL2015/texmf-dist/tex/latex/graphics/graphics.sty
Package: graphics 2016/01/03 v1.0q Standard LaTeX Graphics (DPC,SPQR)

(/afs/cern.ch/sw/XML/TL2015/texmf-dist/tex/latex/graphics/trig.sty
Package: trig 2016/01/03 v1.10 sin cos tan (DPC)
)
(/afs/cern.ch/sw/XML/TL2015/texmf-dist/tex/latex/latexconfig/graphics.cfg
File: graphics.cfg 2010/04/23 v1.9 graphics configuration of TeX Live
)
Package graphics Info: Driver file: pdftex.def on input line 95.

(/afs/cern.ch/sw/XML/TL2015/texmf-dist/tex/latex/pdftex-def/pdftex.def
File: pdftex.def 2011/05/27 v0.06d Graphics/color for pdfTeX

(/afs/cern.ch/sw/XML/TL2015/texmf-dist/tex/generic/oberdiek/infwarerr.sty
Package: infwarerr 2010/04/08 v1.3 Providing info/warning/error messages (HO)
)
(/afs/cern.ch/sw/XML/TL2015/texmf-dist/tex/generic/oberdiek/ltxcmds.sty
Package: ltxcmds 2011/11/09 v1.22 LaTeX kernel commands for general use (HO)
)
\Gread@gobject=\count87
))
\Gin@req@height=\dimen103
\Gin@req@width=\dimen104
)
(/afs/cern.ch/sw/XML/TL2015/texmf-dist/tex/latex/geometry/geometry.sty
Package: geometry 2010/09/12 v5.6 Page Geometry

(/afs/cern.ch/sw/XML/TL2015/texmf-dist/tex/generic/oberdiek/ifpdf.sty
Package: ifpdf 2011/01/30 v2.3 Provides the ifpdf switch (HO)
Package ifpdf Info: pdfTeX in PDF mode is detected.
)
(/afs/cern.ch/sw/XML/TL2015/texmf-dist/tex/generic/oberdiek/ifvtex.sty
Package: ifvtex 2010/03/01 v1.5 Detect VTeX and its facilities (HO)
Package ifvtex Info: VTeX not detected.
)
(/afs/cern.ch/sw/XML/TL2015/texmf-dist/tex/generic/ifxetex/ifxetex.sty
Package: ifxetex 2010/09/12 v0.6 Provides ifxetex conditional
)
\Gm@cnth=\count88
\Gm@cntv=\count89
\c@Gm@tempcnt=\count90
\Gm@bindingoffset=\dimen105
\Gm@wd@mp=\dimen106
\Gm@odd@mp=\dimen107
\Gm@even@mp=\dimen108
\Gm@layoutwidth=\dimen109
\Gm@layoutheight=\dimen110
\Gm@layouthoffset=\dimen111
\Gm@layoutvoffset=\dimen112
\Gm@dimlist=\toks15
)
(/afs/cern.ch/sw/XML/TL2015/texmf-dist/tex/latex/appendix/appendix.sty
Package: appendix 2009/09/02 v1.2b extra appendix facilities
\c@@pps=\count91
\c@@ppsavesec=\count92
\c@@ppsaveapp=\count93
)
(/afs/cern.ch/sw/XML/TL2015/texmf-dist/tex/latex/preprint/authblk.sty
Package: authblk 2001/02/27 1.3 (PWD)
\affilsep=\skip43
\@affilsep=\skip44
\c@Maxaffil=\count94
\c@authors=\count95
\c@affil=\count96
)
(/afs/cern.ch/sw/XML/TL2015/texmf-dist/tex/latex/url/url.sty
\Urlmuskip=\muskip10
Package: url 2013/09/16  ver 3.4  Verb mode for urls, etc.
)
(/afs/cern.ch/sw/XML/TL2015/texmf-dist/tex/latex/subfigure/subfigure.sty
Package: subfigure 2002/03/15 v2.1.5 subfigure package
\subfigtopskip=\skip45
\subfigcapskip=\skip46
\subfigcaptopadj=\dimen113
\subfigbottomskip=\skip47
\subfigcapmargin=\dimen114
\subfiglabelskip=\skip48
\c@subfigure=\count97
\c@lofdepth=\count98
\c@subtable=\count99
\c@lotdepth=\count100

****************************************
* Local config file subfigure.cfg used *
****************************************
(/afs/cern.ch/sw/XML/TL2015/texmf-dist/tex/latex/subfigure/subfigure.cfg)
\subfig@top=\skip49
\subfig@bottom=\skip50
)
(/afs/cern.ch/sw/XML/TL2015/texmf-dist/tex/latex/draftwatermark/draftwatermark.
sty
Package: draftwatermark 2015/02/19 1.2 Put a gray textual watermark on document
 pages
 (/afs/cern.ch/sw/XML/TL2015/texmf-dist/tex/latex/everypage/everypage.sty
Package: everypage 2007/06/20 1.1 Hooks to run on every page
)
(/afs/cern.ch/sw/XML/TL2015/texmf-dist/tex/latex/graphics/color.sty
Package: color 2016/01/03 v1.1b Standard LaTeX Color (DPC)

(/afs/cern.ch/sw/XML/TL2015/texmf-dist/tex/latex/latexconfig/color.cfg
File: color.cfg 2007/01/18 v1.5 color configuration of teTeX/TeXLive
)
Package color Info: Driver file: pdftex.def on input line 143.
)
\sc@wm@hcenter=\skip51
\sc@wm@vcenter=\skip52
\sc@wm@fontsize=\skip53
)
(./main.aux)
\openout1 = `main.aux'.

LaTeX Font Info:    Checking defaults for OML/cmm/m/it on input line 26.
LaTeX Font Info:    ... okay on input line 26.
LaTeX Font Info:    Checking defaults for T1/cmr/m/n on input line 26.
LaTeX Font Info:    ... okay on input line 26.
LaTeX Font Info:    Checking defaults for OT1/cmr/m/n on input line 26.
LaTeX Font Info:    ... okay on input line 26.
LaTeX Font Info:    Checking defaults for OMS/cmsy/m/n on input line 26.
LaTeX Font Info:    ... okay on input line 26.
LaTeX Font Info:    Checking defaults for OMX/cmex/m/n on input line 26.
LaTeX Font Info:    ... okay on input line 26.
LaTeX Font Info:    Checking defaults for U/cmr/m/n on input line 26.
LaTeX Font Info:    ... okay on input line 26.

(/afs/cern.ch/sw/XML/TL2015/texmf-dist/tex/context/base/supp-pdf.mkii
[Loading MPS to PDF converter (version 2006.09.02).]
\scratchcounter=\count101
\scratchdimen=\dimen115
\scratchbox=\box26
\nofMPsegments=\count102
\nofMParguments=\count103
\everyMPshowfont=\toks16
\MPscratchCnt=\count104
\MPscratchDim=\dimen116
\MPnumerator=\count105
\makeMPintoPDFobject=\count106
\everyMPtoPDFconversion=\toks17
) (/afs/cern.ch/sw/XML/TL2015/texmf-dist/tex/generic/oberdiek/pdftexcmds.sty
Package: pdftexcmds 2011/11/29 v0.20 Utility functions of pdfTeX for LuaTeX (HO
)

(/afs/cern.ch/sw/XML/TL2015/texmf-dist/tex/generic/oberdiek/ifluatex.sty
Package: ifluatex 2010/03/01 v1.3 Provides the ifluatex switch (HO)
Package ifluatex Info: LuaTeX not detected.
)
Package pdftexcmds Info: LuaTeX not detected.
Package pdftexcmds Info: \pdf@primitive is available.
Package pdftexcmds Info: \pdf@ifprimitive is available.
Package pdftexcmds Info: \pdfdraftmode found.
)
(/afs/cern.ch/sw/XML/TL2015/texmf-dist/tex/latex/oberdiek/epstopdf-base.sty
Package: epstopdf-base 2010/02/09 v2.5 Base part for package epstopdf

(/afs/cern.ch/sw/XML/TL2015/texmf-dist/tex/latex/oberdiek/grfext.sty
Package: grfext 2010/08/19 v1.1 Manage graphics extensions (HO)

(/afs/cern.ch/sw/XML/TL2015/texmf-dist/tex/generic/oberdiek/kvdefinekeys.sty
Package: kvdefinekeys 2011/04/07 v1.3 Define keys (HO)
))
(/afs/cern.ch/sw/XML/TL2015/texmf-dist/tex/latex/oberdiek/kvoptions.sty
Package: kvoptions 2011/06/30 v3.11 Key value format for package options (HO)

(/afs/cern.ch/sw/XML/TL2015/texmf-dist/tex/generic/oberdiek/kvsetkeys.sty
Package: kvsetkeys 2012/04/25 v1.16 Key value parser (HO)

(/afs/cern.ch/sw/XML/TL2015/texmf-dist/tex/generic/oberdiek/etexcmds.sty
Package: etexcmds 2011/02/16 v1.5 Avoid name clashes with e-TeX commands (HO)
Package etexcmds Info: Could not find \expanded.
(etexcmds)             That can mean that you are not using pdfTeX 1.50 or
(etexcmds)             that some package has redefined \expanded.
(etexcmds)             In the latter case, load this package earlier.
)))
Package grfext Info: Graphics extension search list:
(grfext)             [.png,.pdf,.jpg,.mps,.jpeg,.jbig2,.jb2,.PNG,.PDF,.JPG,.JPE
G,.JBIG2,.JB2,.eps]
(grfext)             \AppendGraphicsExtensions on input line 452.

(/afs/cern.ch/sw/XML/TL2015/texmf-dist/tex/latex/latexconfig/epstopdf-sys.cfg
File: epstopdf-sys.cfg 2010/07/13 v1.3 Configuration of (r)epstopdf for TeX Liv
e
))
*geometry* driver: auto-detecting
*geometry* detected driver: pdftex
*geometry* verbose mode - [ preamble ] result:
* driver: pdftex
* paper: letterpaper
* layout: <same size as paper>
* layoutoffset:(h,v)=(0.0pt,0.0pt)
* modes: 
* h-part:(L,W,R)=(85.35826pt, 443.57848pt, 85.35826pt)
* v-part:(T,H,B)=(56.9055pt, 681.15898pt, 56.9055pt)
* \paperwidth=614.295pt
* \paperheight=794.96999pt
* \textwidth=443.57848pt
* \textheight=681.15898pt
* \oddsidemargin=13.08827pt
* \evensidemargin=13.08827pt
* \topmargin=-52.36449pt
* \headheight=12.0pt
* \headsep=25.0pt
* \topskip=11.0pt
* \footskip=30.0pt
* \marginparwidth=59.0pt
* \marginparsep=10.0pt
* \columnsep=10.0pt
* \skip\footins=10.0pt plus 4.0pt minus 2.0pt
* \hoffset=0.0pt
* \voffset=0.0pt
* \mag=1000
* \@twocolumnfalse
* \@twosidefalse
* \@mparswitchfalse
* \@reversemarginfalse
* (1in=72.27pt=25.4mm, 1cm=28.453pt)

LaTeX Font Info:    External font `cmex10' loaded for size
(Font)              <12> on input line 27.
LaTeX Font Info:    External font `cmex10' loaded for size
(Font)              <8> on input line 27.
LaTeX Font Info:    External font `cmex10' loaded for size
(Font)              <6> on input line 27.
LaTeX Font Info:    External font `cmex10' loaded for size
(Font)              <10.95> on input line 33.
LaTeX Font Info:    External font `cmex10' loaded for size
(Font)              <5> on input line 54.

LaTeX Warning: `h' float specifier changed to `ht'.


LaTeX Warning: `h' float specifier changed to `ht'.


Overfull \hbox (1.88379pt too wide) in paragraph at lines 92--105
[][] 
 []


LaTeX Warning: `h' float specifier changed to `ht'.


Overfull \hbox (1.88379pt too wide) in paragraph at lines 111--124
[][] 
 []


LaTeX Warning: `h' float specifier changed to `ht'.


LaTeX Font Warning: Font shape `OT1/cmr/m/n' in size <142.26378> not available
(Font)              size <24.88> substituted on input line 128.

[1{/afs/cern.ch/sw/XML/TL2015/texmf-var/fonts/map/pdftex/updmap/pdftex.map}

]
[2] <figures.pdf, id=17, page=3, 722.7pt x 542.025pt>
File: figures.pdf Graphic file (type pdf)

<use figures.pdf, page 3>
Package pdftex.def Info: figures.pdf, page3 used on input line 134.
(pdftex.def)             Requested size: 354.86412pt x 266.1487pt.
LaTeX Font Info:    Try loading font information for OMS+cmr on input line 141.


(/afs/cern.ch/sw/XML/TL2015/texmf-dist/tex/latex/base/omscmr.fd
File: omscmr.fd 2014/09/29 v2.5h Standard LaTeX font definitions
)
LaTeX Font Info:    Font shape `OMS/cmr/m/n' in size <10.95> not available
(Font)              Font shape `OMS/cmsy/m/n' tried instead on input line 141.

<figures.pdf, id=19, page=4, 722.7pt x 542.025pt>
File: figures.pdf Graphic file (type pdf)
 <use figures.pdf, page 4>
Package pdftex.def Info: figures.pdf, page4 used on input line 150.
(pdftex.def)             Requested size: 421.3982pt x 316.04538pt.


LaTeX Warning: `!h' float specifier changed to `!ht'.

<figures.pdf, id=21, page=5, 722.7pt x 542.025pt>
File: figures.pdf Graphic file (type pdf)
 <use figures.pdf, page 5>
Package pdftex.def Info: figures.pdf, page5 used on input line 169.
(pdftex.def)             Requested size: 421.3982pt x 316.04538pt.

[3

 <./figures.pdf>]

LaTeX Warning: `!h' float specifier changed to `!ht'.

<figures.pdf, id=172, page=6, 722.7pt x 542.025pt>
File: figures.pdf Graphic file (type pdf)
 <use figures.pdf, page 6>
Package pdftex.def Info: figures.pdf, page6 used on input line 184.
(pdftex.def)             Requested size: 421.3982pt x 316.04538pt.


LaTeX Warning: `!h' float specifier changed to `!ht'.

<figures.pdf, id=174, page=7, 722.7pt x 542.025pt>
File: figures.pdf Graphic file (type pdf)
 <use figures.pdf, page 7>
Package pdftex.def Info: figures.pdf, page7 used on input line 191.
(pdftex.def)             Requested size: 421.3982pt x 316.04538pt.


LaTeX Warning: `!h' float specifier changed to `!ht'.

<figures.pdf, id=176, page=8, 722.7pt x 542.025pt>
File: figures.pdf Graphic file (type pdf)
 <use figures.pdf, page 8>
Package pdftex.def Info: figures.pdf, page8 used on input line 198.
(pdftex.def)             Requested size: 421.3982pt x 316.04538pt.


LaTeX Warning: `!h' float specifier changed to `!ht'.


Underfull \hbox (badness 5862) in paragraph at lines 229--229
[]\OT1/cmr/m/n/10.95 Table 5: In-put chan-nel as-sign-ment for out-put data op-
er-a-tor mod-ule. De-
 []


Underfull \hbox (badness 10000) in paragraph at lines 229--229
\OT1/cmr/m/n/10.95 fined in ``MAP-PING[]CONF[]IDO2ODO'' and ``MAP-PING[]CONF[]I
LI2ODO'' in
 []


LaTeX Warning: `h' float specifier changed to `ht'.


Underfull \hbox (badness 10000) in paragraph at lines 257--257
[]\OT1/cmr/m/n/10.95 Table 6: SLINK out-put chan-nel as-sign-ment (34 chan-nel)
. ``MAP-
 []


Underfull \hbox (badness 6141) in paragraph at lines 257--257
\OT1/cmr/m/n/10.95 PING[]CONF[]SLINKOUT2GTLOC'' and ``MAP-PING[]CONF[]SLINKOUT2
GTLOC'' in
 []


LaTeX Warning: `h' float specifier changed to `ht'.

<figures.pdf, id=178, page=9, 722.7pt x 542.025pt>
File: figures.pdf Graphic file (type pdf)
 <use figures.pdf, page 9>
Package pdftex.def Info: figures.pdf, page9 used on input line 271.
(pdftex.def)             Requested size: 421.3982pt x 316.04538pt.


LaTeX Warning: `!h' float specifier changed to `!ht'.

<figures.pdf, id=180, page=10, 722.7pt x 542.025pt>
File: figures.pdf Graphic file (type pdf)
 <use figures.pdf, page 10>
Package pdftex.def Info: figures.pdf, page10 used on input line 278.
(pdftex.def)             Requested size: 421.3982pt x 316.04538pt.


LaTeX Warning: `!h' float specifier changed to `!ht'.


LaTeX Warning: `h' float specifier changed to `ht'.


Underfull \hbox (badness 10000) in paragraph at lines 332--332
[]\OT1/cmr/m/n/10.95 Table 8: In-ter-nal link chan-nel as-sign-ment. De-fined i
n
 []


Underfull \hbox (badness 10000) in paragraph at lines 332--332
\OT1/cmr/m/n/10.95 ``MAP-PING[]CONF[]INTERNALLINK2GTCHANNEL'' and ``MAP-
 []


Overfull \hbox (14.66632pt too wide) in paragraph at lines 332--332
\OT1/cmr/m/n/10.95 PING[]CONF[]INTERNALLINK2GTLOC'' in data[]formatter[]top/dat
a[]formatter[]constants.vhd. 
 []


LaTeX Warning: `h' float specifier changed to `ht'.


LaTeX Warning: `h' float specifier changed to `ht'.


LaTeX Warning: `h' float specifier changed to `ht'.


Overfull \hbox (0.95819pt too wide) in paragraph at lines 358--359
[]\OT1/cmr/m/n/10.95 Bit Er-ror Rate Test (BERT) pat-tern gen-er-a-tor : $\OT1/
cmtt/m/n/10.95 pulsar2 _ df _ internal _ link / pattern _
 []

[4 <./figures.pdf>] <figures.pdf, id=231, page=11, 722.7pt x 542.025pt>
File: figures.pdf Graphic file (type pdf)

<use figures.pdf, page 11>
Package pdftex.def Info: figures.pdf, page11 used on input line 364.
(pdftex.def)             Requested size: 421.3982pt x 316.04538pt.


LaTeX Warning: `!h' float specifier changed to `!ht'.

<figures.pdf, id=233, page=12, 722.7pt x 542.025pt>
File: figures.pdf Graphic file (type pdf)
 <use figures.pdf, page 12>
Package pdftex.def Info: figures.pdf, page12 used on input line 377.
(pdftex.def)             Requested size: 421.3982pt x 316.04538pt.


LaTeX Warning: `!h' float specifier changed to `!ht'.

<figures.pdf, id=235, page=13, 722.7pt x 542.025pt>
File: figures.pdf Graphic file (type pdf)
 <use figures.pdf, page 13>
Package pdftex.def Info: figures.pdf, page13 used on input line 387.
(pdftex.def)             Requested size: 443.57848pt x 332.68587pt.


LaTeX Warning: `!h' float specifier changed to `!ht'.

<figures.pdf, id=237, page=14, 722.7pt x 542.025pt>
File: figures.pdf Graphic file (type pdf)
 <use figures.pdf, page 14>
Package pdftex.def Info: figures.pdf, page14 used on input line 395.
(pdftex.def)             Requested size: 443.57848pt x 332.68587pt.


LaTeX Warning: `!h' float specifier changed to `!ht'.

<figures.pdf, id=239, page=15, 722.7pt x 542.025pt>
File: figures.pdf Graphic file (type pdf)
 <use figures.pdf, page 15>
Package pdftex.def Info: figures.pdf, page15 used on input line 402.
(pdftex.def)             Requested size: 443.57848pt x 332.68587pt.


LaTeX Warning: `!h' float specifier changed to `!ht'.

[5 <./figures.pdf>] [6 <./figures.pdf>] [7 <./figures.pdf>] [8 <./figures.pdf>]
[9 <./figures.pdf>] [10 <./figures.pdf>] [11 <./figures.pdf>] [12 <./figures.pd
f>] [13 <./figures.pdf>] [14 <./figures.pdf>] [15 <./figures.pdf>] [16

]
(./main.aux)

LaTeX Font Warning: Size substitutions with differences
(Font)              up to 117.38377pt have occurred.

 ) 
Here is how much of TeX's memory you used:
 2553 strings out of 493042
 37600 string characters out of 6133328
 157142 words of memory out of 5000000
 6054 multiletter control sequences out of 15000+600000
 9893 words of font info for 35 fonts, out of 8000000 for 9000
 1141 hyphenation exceptions out of 8191
 38i,10n,26p,348b,273s stack positions out of 5000i,500n,10000p,200000b,80000s
</afs/cern.ch/sw/XML/TL2015/texmf-dist/fonts/type1/public/amsfonts/cm/cmbx10.
pfb></afs/cern.ch/sw/XML/TL2015/texmf-dist/fonts/type1/public/amsfonts/cm/cmbx1
2.pfb></afs/cern.ch/sw/XML/TL2015/texmf-dist/fonts/type1/public/amsfonts/cm/cmm
i10.pfb></afs/cern.ch/sw/XML/TL2015/texmf-dist/fonts/type1/public/amsfonts/cm/c
mr10.pfb></afs/cern.ch/sw/XML/TL2015/texmf-dist/fonts/type1/public/amsfonts/cm/
cmr12.pfb></afs/cern.ch/sw/XML/TL2015/texmf-dist/fonts/type1/public/amsfonts/cm
/cmr17.pfb></afs/cern.ch/sw/XML/TL2015/texmf-dist/fonts/type1/public/amsfonts/c
m/cmr6.pfb></afs/cern.ch/sw/XML/TL2015/texmf-dist/fonts/type1/public/amsfonts/c
m/cmr8.pfb></afs/cern.ch/sw/XML/TL2015/texmf-dist/fonts/type1/public/amsfonts/c
m/cmsy10.pfb></afs/cern.ch/sw/XML/TL2015/texmf-dist/fonts/type1/public/amsfonts
/cm/cmtt10.pfb>
Output written on main.pdf (16 pages, 1440872 bytes).
PDF statistics:
 971 PDF objects out of 1000 (max. 8388607)
 519 compressed objects within 6 object streams
 0 named destinations out of 1000 (max. 500000)
 144 words of extra memory for PDF output out of 10000 (max. 10000000)

